<?xml version="1.0" encoding="UTF-8"?>
<testng-results ignored="0" total="1" passed="1" failed="0" skipped="0">
  <reporter-output>
  </reporter-output>
  <suite started-at="2023-11-03T17:13:21 IST" name="Default suite" finished-at="2023-11-03T17:13:32 IST" duration-ms="11023">
    <groups>
      <group name="cucumber">
        <method signature="AbstractTestNGCucumberTests.runScenario(io.cucumber.testng.PickleWrapper,io.cucumber.testng.FeatureWrapper)[pri:0, instance:runner.runner2@173ed316]" name="runScenario" class="io.cucumber.testng.AbstractTestNGCucumberTests"/>
      </group> <!-- cucumber -->
    </groups>
    <test started-at="2023-11-03T17:13:21 IST" name="Default test" finished-at="2023-11-03T17:13:32 IST" duration-ms="11023">
      <class name="runner.runner2">
        <test-method is-config="true" signature="setUpClass(org.testng.ITestContext)[pri:0, instance:runner.runner2@173ed316]" started-at="2023-11-03T17:13:21 IST" name="setUpClass" finished-at="2023-11-03T17:13:21 IST" duration-ms="184" status="PASS">
          <params>
            <param index="0">
              <value>
                <![CDATA[org.testng.TestRunner@2dd29a59]]>
              </value>
            </param>
          </params>
          <reporter-output>
          </reporter-output>
        </test-method> <!-- setUpClass -->
        <test-method signature="runScenario(io.cucumber.testng.PickleWrapper,io.cucumber.testng.FeatureWrapper)[pri:0, instance:runner.runner2@173ed316]" started-at="2023-11-03T17:13:21 IST" name="runScenario" description="Runs Cucumber Scenarios" data-provider="scenarios" finished-at="2023-11-03T17:13:32 IST" duration-ms="10783" status="PASS">
          <params>
            <param index="0">
              <value>
                <![CDATA["Login with ParaBank Credentials"]]>
              </value>
            </param>
            <param index="1">
              <value>
                <![CDATA["Login to ParaBank App"]]>
              </value>
            </param>
          </params>
          <reporter-output>
          </reporter-output>
        </test-method> <!-- runScenario -->
        <test-method is-config="true" signature="tearDownClass()[pri:0, instance:runner.runner2@173ed316]" started-at="2023-11-03T17:13:32 IST" name="tearDownClass" finished-at="2023-11-03T17:13:32 IST" duration-ms="3" status="PASS">
          <reporter-output>
          </reporter-output>
        </test-method> <!-- tearDownClass -->
      </class> <!-- runner.runner2 -->
    </test> <!-- Default test -->
  </suite> <!-- Default suite -->
</testng-results>
